UERANSIM v3.2.6
[2024-10-08 11:22:55.543] [nas] [info] UE switches to state [MM-DEREGISTERED/PLMN-SEARCH]
[2024-10-08 11:22:55.556] [rrc] [debug] New signal detected for cell[1], total [1] cells in coverage
[2024-10-08 11:22:55.556] [nas] [info] Selected plmn[001/01]
[2024-10-08 11:22:55.556] [rrc] [info] Selected cell plmn[001/01] tac[1] category[SUITABLE]
[2024-10-08 11:22:55.556] [nas] [info] UE switches to state [MM-DEREGISTERED/PS]
[2024-10-08 11:22:55.556] [nas] [info] UE switches to state [MM-DEREGISTERED/NORMAL-SERVICE]
[2024-10-08 11:22:55.556] [nas] [debug] Initial registration required due to [MM-DEREG-NORMAL-SERVICE]
[2024-10-08 11:22:55.557] [nas] [debug] UAC access attempt is allowed for identity[0], category[MO_sig]
[2024-10-08 11:22:55.557] [nas] [debug] Sending Initial Registration
[2024-10-08 11:22:55.557] [nas] [info] UE switches to state [MM-REGISTER-INITIATED]
[2024-10-08 11:22:55.557] [rrc] [debug] Sending RRC Setup Request
[2024-10-08 11:22:55.561] [rrc] [info] RRC connection established
[2024-10-08 11:22:55.561] [rrc] [info] UE switches to state [RRC-CONNECTED]
[2024-10-08 11:22:55.562] [nas] [info] UE switches to state [CM-CONNECTED]
[2024-10-08 11:22:56.006] [nas] [debug] Authentication Request received
[2024-10-08 11:22:56.006] [nas] [debug] Sending Authentication Failure due to SQN out of range
[2024-10-08 11:22:56.143] [nas] [debug] Authentication Request received
[2024-10-08 11:22:56.474] [nas] [debug] Security Mode Command received
[2024-10-08 11:22:56.474] [nas] [debug] Selected integrity[2] ciphering[0]
[2024-10-08 11:22:56.611] [nas] [debug] Registration accept received
[2024-10-08 11:22:56.611] [nas] [info] UE switches to state [MM-REGISTERED/NORMAL-SERVICE]
[2024-10-08 11:22:56.611] [nas] [debug] Sending Registration Complete
[2024-10-08 11:22:56.611] [nas] [info] Initial Registration is successful
[2024-10-08 11:22:56.611] [nas] [debug] Sending PDU Session Establishment Request
[2024-10-08 11:22:56.611] [nas] [debug] UAC access attempt is allowed for identity[0], category[MO_sig]
[2024-10-08 11:22:56.611] [nas] [debug] Sending PDU Session Establishment Request
[2024-10-08 11:22:56.611] [nas] [debug] UAC access attempt is allowed for identity[0], category[MO_sig]
[2024-10-08 11:22:56.611] [nas] [debug] Sending PDU Session Establishment Request
[2024-10-08 11:22:56.611] [nas] [debug] UAC access attempt is allowed for identity[0], category[MO_sig]
[2024-10-08 11:22:56.611] [nas] [debug] Sending PDU Session Establishment Request
[2024-10-08 11:22:56.611] [nas] [debug] UAC access attempt is allowed for identity[0], category[MO_sig]
[2024-10-08 11:22:57.097] [nas] [debug] Configuration Update Command received
[2024-10-08 11:22:57.208] [nas] [debug] PDU Session Establishment Accept received
[2024-10-08 11:22:57.208] [nas] [info] PDU Session establishment is successful PSI[2]
[2024-10-08 11:22:57.210] [nas] [debug] PDU Session Establishment Accept received
[2024-10-08 11:22:57.210] [nas] [info] PDU Session establishment is successful PSI[1]
[2024-10-08 11:22:57.211] [nas] [debug] PDU Session Establishment Accept received
[2024-10-08 11:22:57.211] [nas] [info] PDU Session establishment is successful PSI[3]
[2024-10-08 11:22:57.213] [nas] [debug] PDU Session Establishment Accept received
[2024-10-08 11:22:57.213] [nas] [info] PDU Session establishment is successful PSI[4]
[2024-10-08 11:22:57.228] [app] [info] Connection setup for PDU session[2] is successful, TUN interface[uesimtun0, 192.168.3.3] is up.
[2024-10-08 11:22:57.233] [app] [info] Connection setup for PDU session[1] is successful, TUN interface[uesimtun1, 192.168.2.3] is up.
[2024-10-08 11:22:57.238] [app] [info] Connection setup for PDU session[3] is successful, TUN interface[uesimtun2, 192.168.4.3] is up.
[2024-10-08 11:22:57.244] [app] [info] Connection setup for PDU session[4] is successful, TUN interface[uesimtun3, 192.168.5.3] is up.
